Watching for file changes with StatReloader
Performing system checks...

System check identified no issues (0 silenced).
December 03, 2024 - 00:15:15
Django version 4.2.16, using settings 'core.settings.dev'
Starting development server at http://127.0.0.1:8000/
Quit the server with CONTROL-C.

CommandError: "0.0.0.0" is not a valid port number or address:port pair.
usage: manage.py runserver [-h] [--ipv6] [--nothreading] [--noreload]
                           [--nostatic] [--insecure] [--version]
                           [--settings SETTINGS] [--pythonpath PYTHONPATH]
                           [--no-color] [--force-color] [--skip-checks]
                           [addrport]
manage.py runserver: error: unrecognized arguments: -p
Watching for file changes with StatReloader
Watching for file changes with StatReloader
[03/Dec/2024 00:18:10] "GET / HTTP/1.1" 200 28777
[03/Dec/2024 00:18:10] "GET /static/dist/css/core.css HTTP/1.1" 200 50
[03/Dec/2024 00:18:10] "GET /static/dist/css/views/custom.css HTTP/1.1" 200 248
[03/Dec/2024 00:18:10] "GET /static/dist/css/views/output.css HTTP/1.1" 200 81442
[03/Dec/2024 00:18:10] "GET /media/images/Database-GKIM.2e16d0ba.fill-400x250.png HTTP/1.1" 200 65984
[03/Dec/2024 00:18:10] "GET /media/images/GZv8Jg_akAAvjyp.2e16d0ba.fill-800x500.jpg HTTP/1.1" 200 74114
[03/Dec/2024 00:18:10] "GET /static/dist/js/core.js HTTP/1.1" 200 51844
[03/Dec/2024 00:18:10] "GET /media/images/school-solid.original.svg HTTP/1.1" 200 932
[03/Dec/2024 00:18:10] "GET /media/images/photo-1509062522246-3755977927d71.width-1920.jpg HTTP/1.1" 200 243577
[03/Dec/2024 00:18:10] "GET /media/images/icons8-facebook.original.svg HTTP/1.1" 200 417
[03/Dec/2024 00:18:10] "GET /media/images/Instagram_story_-_1.2e16d0ba.fill-400x250.png HTTP/1.1" 200 39431
[03/Dec/2024 00:18:11] "GET /media/images/DALLE_2024-11-05_10.45.10_-_A_blac.2e16d0ba.fill-400x250.png HTTP/1.1" 200 243381
[03/Dec/2024 00:18:11] "GET /media/images/licensed-image1.width-1920.jpg HTTP/1.1" 200 429723
[03/Dec/2024 00:18:11] "GET /media/images/1e415b541c20ac7e1b2a6678e3d2a2ee1.original.jpg HTTP/1.1" 200 80619
[03/Dec/2024 00:18:11] "GET /media/images/photo-1509062522246-3755977927d71.original.jpg HTTP/1.1" 200 243577
Error: That port is already in use.
[03/Dec/2024 00:18:12] "GET /media/images/Manarul_huda.original.png HTTP/1.1" 200 730285
[03/Dec/2024 00:18:12] "GET /media/images/Instagram_story_-_1.original.png HTTP/1.1" 200 151068
[03/Dec/2024 00:18:12] "GET /media/images/WhatsApp_Image_2024-10-14_at_15.06.11_9b416c35.original.jpg HTTP/1.1" 200 133653
[03/Dec/2024 00:18:12] "GET /media/images/wallpaperflare.com_wallpaper_26.original.jpg HTTP/1.1" 200 338372
[03/Dec/2024 00:18:13] "GET /media/images/licensed-image1.original.jpg HTTP/1.1" 200 443786
[03/Dec/2024 00:18:13] "GET /media/images/Untitled_8.original.jpg HTTP/1.1" 200 321058
[03/Dec/2024 00:18:13] "GET /media/images/Database-GKIM.original.png HTTP/1.1" 200 387956
Watching for file changes with StatReloader
Error: That port is already in use.
[03/Dec/2024 00:21:54] "GET / HTTP/1.1" 200 12181
Not Found: /favicon.ico
[03/Dec/2024 00:21:55] "GET /favicon.ico HTTP/1.1" 404 3794
Watching for file changes with StatReloader
[03/Dec/2024 00:22:04] "GET /admin HTTP/1.1" 301 0
[03/Dec/2024 00:22:04] "GET /admin/ HTTP/1.1" 302 0
Error: That port is already in use.
[03/Dec/2024 00:22:06] "GET /admin/login/?next=/admin/ HTTP/1.1" 200 8350
[03/Dec/2024 00:22:06] "GET /static/dist/css/custom_admin.css HTTP/1.1" 200 456
[03/Dec/2024 00:22:06] "GET /static/wagtailadmin/js/icons.js?v=fc0640c0 HTTP/1.1" 200 650
[03/Dec/2024 00:22:06] "GET /static/wagtailadmin/js/vendor/jquery-3.6.0.min.js?v=fc0640c0 HTTP/1.1" 200 89531
[03/Dec/2024 00:22:06] "GET /static/wagtailadmin/js/vendor/jquery.datetimepicker.js?v=fc0640c0 HTTP/1.1" 200 61447
[03/Dec/2024 00:22:06] "GET /static/wagtailadmin/css/core.css?v=fc0640c0 HTTP/1.1" 200 251301
[03/Dec/2024 00:22:06] "GET /static/wagtailadmin/js/vendor/jquery-ui-1.13.2.min.js?v=fc0640c0 HTTP/1.1" 200 254377
[03/Dec/2024 00:22:06] "GET /static/wagtailadmin/js/vendor/bootstrap-transition.js?v=fc0640c0 HTTP/1.1" 200 876
[03/Dec/2024 00:22:06] "GET /static/wagtailadmin/js/vendor/bootstrap-modal.js?v=fc0640c0 HTTP/1.1" 200 3891
[03/Dec/2024 00:22:07] "GET /static/wagtailadmin/js/vendor/tag-it.js?v=fc0640c0 HTTP/1.1" 200 8042
[03/Dec/2024 00:22:07] "GET /admin/jsi18n/ HTTP/1.1" 200 4876
[03/Dec/2024 00:22:07] "GET /static/wagtailadmin/js/core.js?v=fc0640c0 HTTP/1.1" 200 99221
[03/Dec/2024 00:22:07] "GET /static/wagtailadmin/js/vendor.js?v=fc0640c0 HTTP/1.1" 200 315912
[03/Dec/2024 00:22:07] "GET /static/wagtailadmin/js/wagtailadmin.js?v=fc0640c0 HTTP/1.1" 200 11514
[03/Dec/2024 00:22:07] "GET /static/wagtailadmin/js/telepath/telepath.js?v=fc0640c0 HTTP/1.1" 200 4526
[03/Dec/2024 00:22:07] "GET /static/wagtailadmin/js/sidebar.js?v=fc0640c0 HTTP/1.1" 200 45674
[03/Dec/2024 00:22:07] "GET /admin/sprite/?h=18fafff2 HTTP/1.1" 200 63586
[03/Dec/2024 00:22:07] "GET /static/wagtailadmin/js/modal-workflow.js?v=fc0640c0 HTTP/1.1" 200 3760
[03/Dec/2024 00:22:09] "GET /static/dist/img/logo.png HTTP/1.1" 200 733293
[03/Dec/2024 00:22:17] "POST /admin/login/ HTTP/1.1" 302 0
[03/Dec/2024 00:22:18] "GET /admin/ HTTP/1.1" 200 22308
[03/Dec/2024 00:22:19] "GET /admin/sprite/?h=18fafff2 HTTP/1.1" 200 63586
[03/Dec/2024 00:22:19] "GET /admin/jsi18n/ HTTP/1.1" 200 4876
[03/Dec/2024 00:22:24] "GET /admin/api/main/pages/?child_of=1&for_explorer=1&fields=parent HTTP/1.1" 200 1474
[03/Dec/2024 00:22:29] "GET /admin/groups/ HTTP/1.1" 200 29969
[03/Dec/2024 00:22:30] "GET /admin/sprite/?h=18fafff2 HTTP/1.1" 200 63586
[03/Dec/2024 00:22:30] "GET /admin/jsi18n/ HTTP/1.1" 200 4876
[03/Dec/2024 00:22:30] "GET /static/wagtailadmin/images/icons/arrow-down.svg HTTP/1.1" 200 304
[03/Dec/2024 00:22:34] "GET /admin/groups/new/ HTTP/1.1" 200 74259
[03/Dec/2024 00:22:35] "GET /static/wagtailadmin/js/page-chooser-modal.js?v=fc0640c0 HTTP/1.1" 200 5192
[03/Dec/2024 00:22:35] "GET /admin/jsi18n/ HTTP/1.1" 200 4876
[03/Dec/2024 00:22:35] "GET /static/wagtailadmin/js/page-chooser.js?v=fc0640c0 HTTP/1.1" 200 2110
[03/Dec/2024 00:22:35] "GET /static/wagtailadmin/js/vendor/rangy-core.js?v=fc0640c0 HTTP/1.1" 200 47110
[03/Dec/2024 00:22:35] "GET /static/wagtailadmin/js/comments.js?v=fc0640c0 HTTP/1.1" 200 52903
[03/Dec/2024 00:22:35] "GET /static/wagtailadmin/js/expanding-formset.js?v=fc0640c0 HTTP/1.1" 200 1594
[03/Dec/2024 00:22:35] "GET /static/wagtailadmin/js/privacy-switch.js?v=fc0640c0 HTTP/1.1" 200 2842
[03/Dec/2024 00:22:35] "GET /static/wagtailusers/js/group-form.js?v=fc0640c0 HTTP/1.1" 200 244
[03/Dec/2024 00:22:35] "GET /admin/sprite/?h=18fafff2 HTTP/1.1" 200 63586
[03/Dec/2024 00:22:35] "GET /static/wagtailadmin/js/preview-panel.js?v=fc0640c0 HTTP/1.1" 200 579146
[03/Dec/2024 00:22:52] "GET /static/wagtailadmin/images/icons/check.svg HTTP/1.1" 200 301
[03/Dec/2024 00:23:18] "GET /admin/choose-page/?page_type=wagtailcore.page&can_choose_root=true HTTP/1.1" 200 6228
[03/Dec/2024 00:24:14] "GET /admin/choose-page/?page_type=wagtailcore.page&can_choose_root=true HTTP/1.1" 200 6228
[03/Dec/2024 00:24:21] "GET /admin/choose-page/?page_type=wagtailcore.page&can_choose_root=true HTTP/1.1" 200 6228
[03/Dec/2024 00:24:27] "POST /admin/groups/new/ HTTP/1.1" 302 0
[03/Dec/2024 00:24:27] "GET /admin/groups/ HTTP/1.1" 200 30938
[03/Dec/2024 00:24:27] "GET /admin/jsi18n/ HTTP/1.1" 200 4876
[03/Dec/2024 00:24:27] "GET /admin/sprite/?h=18fafff2 HTTP/1.1" 200 63586
[03/Dec/2024 00:24:32] "GET /admin/users/ HTTP/1.1" 200 45326
[03/Dec/2024 00:24:32] "GET /admin/sprite/?h=18fafff2 HTTP/1.1" 200 63586
[03/Dec/2024 00:24:32] "GET /admin/jsi18n/ HTTP/1.1" 200 4876
[03/Dec/2024 00:24:32] "GET /static/wagtailadmin/js/date-time-chooser.js?v=fc0640c0 HTTP/1.1" 200 3376
[03/Dec/2024 00:24:32] "GET /static/wagtailadmin/js/bulk-actions.js?v=fc0640c0 HTTP/1.1" 200 5549
[03/Dec/2024 00:24:32] "GET /static/wagtailadmin/images/icons/arrow-up.svg HTTP/1.1" 200 310
[03/Dec/2024 00:24:34] "GET /admin/users/new/ HTTP/1.1" 200 38612
[03/Dec/2024 00:24:34] "GET /admin/sprite/?h=18fafff2 HTTP/1.1" 200 63586
[03/Dec/2024 00:24:34] "GET /admin/jsi18n/ HTTP/1.1" 200 4876
[03/Dec/2024 00:25:30] "POST /admin/users/new/ HTTP/1.1" 302 0
[03/Dec/2024 00:25:30] "GET /admin/users/ HTTP/1.1" 200 48605
[03/Dec/2024 00:25:30] "GET /admin/sprite/?h=18fafff2 HTTP/1.1" 200 63586
[03/Dec/2024 00:25:30] "GET /admin/jsi18n/ HTTP/1.1" 200 4876
[03/Dec/2024 00:25:37] "GET /admin/users/edit/1/ HTTP/1.1" 200 42218
[03/Dec/2024 00:25:37] "GET /admin/sprite/?h=18fafff2 HTTP/1.1" 200 63586
[03/Dec/2024 00:25:37] "GET /admin/jsi18n/ HTTP/1.1" 200 4876
[03/Dec/2024 00:25:44] "POST /admin/users/edit/1/ HTTP/1.1" 200 43277
[03/Dec/2024 00:25:44] "GET /admin/sprite/?h=18fafff2 HTTP/1.1" 200 63586
[03/Dec/2024 00:25:44] "GET /admin/jsi18n/ HTTP/1.1" 200 4876
[03/Dec/2024 00:25:55] "POST /admin/users/edit/1/ HTTP/1.1" 302 0
[03/Dec/2024 00:25:55] "GET /admin/users/ HTTP/1.1" 200 48626
[03/Dec/2024 00:25:56] "GET /admin/sprite/?h=18fafff2 HTTP/1.1" 200 63586
[03/Dec/2024 00:25:56] "GET /admin/jsi18n/ HTTP/1.1" 200 4876
[03/Dec/2024 00:25:58] "GET /admin/users/edit/1/ HTTP/1.1" 200 42399
[03/Dec/2024 00:25:58] "GET /admin/sprite/?h=18fafff2 HTTP/1.1" 200 63586
[03/Dec/2024 00:25:59] "GET /admin/jsi18n/ HTTP/1.1" 200 4876
[03/Dec/2024 00:26:02] "POST /admin/users/edit/1/ HTTP/1.1" 302 0
[03/Dec/2024 00:26:03] "GET /admin/users/ HTTP/1.1" 200 48626
[03/Dec/2024 00:26:03] "GET /admin/jsi18n/ HTTP/1.1" 200 4876
[03/Dec/2024 00:26:03] "GET /admin/sprite/?h=18fafff2 HTTP/1.1" 200 63586
[03/Dec/2024 00:26:07] "GET /admin/api/main/pages/?child_of=1&for_explorer=1&fields=parent HTTP/1.1" 200 1474
[03/Dec/2024 00:26:17] "POST /admin/logout/ HTTP/1.1" 302 0
[03/Dec/2024 00:26:17] "GET /admin/login/ HTTP/1.1" 200 8553
[03/Dec/2024 00:26:17] "GET /admin/sprite/?h=18fafff2 HTTP/1.1" 200 63586
[03/Dec/2024 00:26:17] "GET /admin/jsi18n/ HTTP/1.1" 200 4876
[03/Dec/2024 00:26:24] "POST /admin/login/ HTTP/1.1" 302 0
[03/Dec/2024 00:26:24] "GET /admin/ HTTP/1.1" 200 22302
[03/Dec/2024 00:26:25] "GET /admin/sprite/?h=18fafff2 HTTP/1.1" 200 63586
[03/Dec/2024 00:26:25] "GET /admin/jsi18n/ HTTP/1.1" 200 4876
[03/Dec/2024 00:26:29] "GET /admin/groups/ HTTP/1.1" 200 30303
[03/Dec/2024 00:26:29] "GET /admin/sprite/?h=18fafff2 HTTP/1.1" 200 63586
[03/Dec/2024 00:26:29] "GET /admin/jsi18n/ HTTP/1.1" 200 4876
[03/Dec/2024 00:26:33] "GET /admin/users/ HTTP/1.1" 200 48302
[03/Dec/2024 00:26:33] "GET /admin/sprite/?h=18fafff2 HTTP/1.1" 200 63586
[03/Dec/2024 00:26:33] "GET /admin/jsi18n/ HTTP/1.1" 200 4876
[03/Dec/2024 00:26:36] "GET /admin/users/edit/1/ HTTP/1.1" 200 44639
[03/Dec/2024 00:26:36] "GET /admin/sprite/?h=18fafff2 HTTP/1.1" 200 63586
[03/Dec/2024 00:26:36] "GET /admin/jsi18n/ HTTP/1.1" 200 4876
[03/Dec/2024 00:26:40] "POST /admin/users/edit/1/ HTTP/1.1" 302 0
[03/Dec/2024 00:26:41] "GET /admin/users/ HTTP/1.1" 200 48945
[03/Dec/2024 00:26:41] "GET /admin/sprite/?h=18fafff2 HTTP/1.1" 200 63586
[03/Dec/2024 00:26:41] "GET /admin/jsi18n/ HTTP/1.1" 200 4876
[03/Dec/2024 00:26:54] "POST /admin/logout/ HTTP/1.1" 302 0
[03/Dec/2024 00:26:54] "GET /admin/login/ HTTP/1.1" 200 8553
[03/Dec/2024 00:26:55] "GET /admin/sprite/?h=18fafff2 HTTP/1.1" 200 63586
[03/Dec/2024 00:26:55] "GET /admin/jsi18n/ HTTP/1.1" 200 4876
[03/Dec/2024 00:27:05] "POST /admin/login/ HTTP/1.1" 302 0
[03/Dec/2024 00:27:05] "GET /admin/ HTTP/1.1" 200 18626
[03/Dec/2024 00:27:05] "GET /admin/jsi18n/ HTTP/1.1" 200 4876
[03/Dec/2024 00:27:06] "GET /admin/sprite/?h=18fafff2 HTTP/1.1" 200 63586
[03/Dec/2024 00:27:27] "GET /admin/ HTTP/1.1" 302 0
[03/Dec/2024 00:27:27] "GET /admin/login/?next=/admin/ HTTP/1.1" 200 8350
[03/Dec/2024 00:27:28] "GET /static/dist/css/custom_admin.css HTTP/1.1" 200 456
[03/Dec/2024 00:27:28] "GET /static/wagtailadmin/js/icons.js?v=fc0640c0 HTTP/1.1" 200 650
[03/Dec/2024 00:27:28] "GET /static/wagtailadmin/js/vendor/jquery.datetimepicker.js?v=fc0640c0 HTTP/1.1" 200 61447
[03/Dec/2024 00:27:28] "GET /static/wagtailadmin/css/core.css?v=fc0640c0 HTTP/1.1" 200 251301
[03/Dec/2024 00:27:28] "GET /static/wagtailadmin/js/vendor/jquery-3.6.0.min.js?v=fc0640c0 HTTP/1.1" 200 89531
[03/Dec/2024 00:27:28] "GET /static/wagtailadmin/js/vendor/bootstrap-transition.js?v=fc0640c0 HTTP/1.1" 200 876
[03/Dec/2024 00:27:28] "GET /static/wagtailadmin/js/vendor/bootstrap-modal.js?v=fc0640c0 HTTP/1.1" 200 3891
[03/Dec/2024 00:27:28] "GET /static/wagtailadmin/js/vendor/tag-it.js?v=fc0640c0 HTTP/1.1" 200 8042
[03/Dec/2024 00:27:28] "GET /admin/jsi18n/ HTTP/1.1" 200 4876
[03/Dec/2024 00:27:28] "GET /static/wagtailadmin/js/vendor/jquery-ui-1.13.2.min.js?v=fc0640c0 HTTP/1.1" 200 254377
[03/Dec/2024 00:27:28] "GET /static/wagtailadmin/js/wagtailadmin.js?v=fc0640c0 HTTP/1.1" 200 11514
[03/Dec/2024 00:27:28] "GET /static/wagtailadmin/js/telepath/telepath.js?v=fc0640c0 HTTP/1.1" 200 4526
[03/Dec/2024 00:27:28] "GET /static/wagtailadmin/js/core.js?v=fc0640c0 HTTP/1.1" 200 99221
[03/Dec/2024 00:27:28] "GET /admin/sprite/?h=18fafff2 HTTP/1.1" 200 63586
[03/Dec/2024 00:27:28] "GET /static/wagtailadmin/js/modal-workflow.js?v=fc0640c0 HTTP/1.1" 200 3760
[03/Dec/2024 00:27:28] "GET /static/wagtailadmin/js/sidebar.js?v=fc0640c0 HTTP/1.1" 200 45674
[03/Dec/2024 00:27:28] "GET /static/wagtailadmin/js/vendor.js?v=fc0640c0 HTTP/1.1" 200 315912
[03/Dec/2024 00:27:29] "GET /static/dist/img/logo.png HTTP/1.1" 200 733293
[03/Dec/2024 00:27:30] "GET /static/wagtailadmin/js/vendor.js?v=fc0640c0 HTTP/1.1" 200 315912
[03/Dec/2024 00:27:39] "POST /admin/login/ HTTP/1.1" 302 0
[03/Dec/2024 00:27:39] "GET /admin/ HTTP/1.1" 200 22302
[03/Dec/2024 00:27:40] "GET /admin/jsi18n/ HTTP/1.1" 200 4876
[03/Dec/2024 00:27:40] "GET /admin/sprite/?h=18fafff2 HTTP/1.1" 200 63586
[03/Dec/2024 00:27:40] "GET /static/wagtailadmin/js/icons.js?v=fc0640c0 HTTP/1.1" 200 650
[03/Dec/2024 00:27:40] "GET /static/wagtailadmin/js/vendor/bootstrap-modal.js?v=fc0640c0 HTTP/1.1" 200 3891
[03/Dec/2024 00:27:40] "GET /static/wagtailadmin/js/vendor/bootstrap-transition.js?v=fc0640c0 HTTP/1.1" 200 876
[03/Dec/2024 00:27:40] "GET /static/wagtailadmin/js/vendor/tag-it.js?v=fc0640c0 HTTP/1.1" 200 8042
[03/Dec/2024 00:27:40] "GET /static/wagtailadmin/js/wagtailadmin.js?v=fc0640c0 HTTP/1.1" 200 11514
[03/Dec/2024 00:27:40] "GET /static/wagtailadmin/js/telepath/telepath.js?v=fc0640c0 HTTP/1.1" 200 4526
[03/Dec/2024 00:27:40] "GET /static/wagtailadmin/js/vendor/jquery.datetimepicker.js?v=fc0640c0 HTTP/1.1" 200 61447
[03/Dec/2024 00:27:40] "GET /static/wagtailadmin/js/sidebar.js?v=fc0640c0 HTTP/1.1" 200 45674
[03/Dec/2024 00:27:40] "GET /static/wagtailadmin/js/modal-workflow.js?v=fc0640c0 HTTP/1.1" 200 3760
[03/Dec/2024 00:27:40] "GET /static/wagtailadmin/js/core.js?v=fc0640c0 HTTP/1.1" 200 99221
[03/Dec/2024 00:27:40] "GET /admin/jsi18n/ HTTP/1.1" 200 4876
[03/Dec/2024 00:27:40] "GET /static/wagtailadmin/js/vendor/jquery-3.6.0.min.js?v=fc0640c0 HTTP/1.1" 200 89531
[03/Dec/2024 00:27:40] "GET /static/wagtailadmin/js/vendor/jquery-ui-1.13.2.min.js?v=fc0640c0 HTTP/1.1" 200 254377
[03/Dec/2024 00:27:45] "GET /admin/groups/ HTTP/1.1" 200 30303
[03/Dec/2024 00:27:45] "GET /admin/sprite/?h=18fafff2 HTTP/1.1" 200 63586
[03/Dec/2024 00:27:45] "GET /admin/jsi18n/ HTTP/1.1" 200 4876
[03/Dec/2024 00:27:45] "GET /admin/jsi18n/ HTTP/1.1" 200 4876
[03/Dec/2024 00:27:45] "GET /static/wagtailadmin/images/icons/arrow-down.svg HTTP/1.1" 200 304
[03/Dec/2024 00:27:47] "GET /admin/groups/edit/1/ HTTP/1.1" 200 90152
[03/Dec/2024 00:27:48] "GET /static/wagtailadmin/js/page-chooser-modal.js?v=fc0640c0 HTTP/1.1" 200 5192
[03/Dec/2024 00:27:48] "GET /admin/jsi18n/ HTTP/1.1" 200 4876
[03/Dec/2024 00:27:48] "GET /static/wagtailadmin/js/page-chooser-modal.js?v=fc0640c0 HTTP/1.1" 200 5192
[03/Dec/2024 00:27:48] "GET /static/wagtailadmin/js/expanding-formset.js?v=fc0640c0 HTTP/1.1" 200 1594
[03/Dec/2024 00:27:48] "GET /admin/jsi18n/ HTTP/1.1" 200 4876
[03/Dec/2024 00:27:48] "GET /static/wagtailadmin/js/privacy-switch.js?v=fc0640c0 HTTP/1.1" 200 2842
[03/Dec/2024 00:27:48] "GET /static/wagtailadmin/js/vendor/rangy-core.js?v=fc0640c0 HTTP/1.1" 200 47110
[03/Dec/2024 00:27:48] "GET /static/wagtailadmin/js/comments.js?v=fc0640c0 HTTP/1.1" 200 52903
[03/Dec/2024 00:27:48] "GET /static/wagtailadmin/js/page-chooser.js?v=fc0640c0 HTTP/1.1" 200 2110
[03/Dec/2024 00:27:48] "GET /admin/sprite/?h=18fafff2 HTTP/1.1" 200 63586
[03/Dec/2024 00:27:48] "GET /static/wagtailusers/js/group-form.js?v=fc0640c0 HTTP/1.1" 200 244
[03/Dec/2024 00:27:48] "GET /static/wagtailadmin/js/privacy-switch.js?v=fc0640c0 HTTP/1.1" 200 2842
[03/Dec/2024 00:27:48] "GET /static/wagtailadmin/js/expanding-formset.js?v=fc0640c0 HTTP/1.1" 200 1594
[03/Dec/2024 00:27:48] "GET /static/wagtailadmin/js/page-chooser.js?v=fc0640c0 HTTP/1.1" 200 2110
[03/Dec/2024 00:27:48] "GET /static/wagtailadmin/js/vendor/rangy-core.js?v=fc0640c0 HTTP/1.1" 200 47110
[03/Dec/2024 00:27:48] "GET /static/wagtailadmin/js/comments.js?v=fc0640c0 HTTP/1.1" 200 52903
[03/Dec/2024 00:27:48] "GET /static/wagtailadmin/js/preview-panel.js?v=fc0640c0 HTTP/1.1" 200 579146
[03/Dec/2024 00:27:49] "GET /static/wagtailusers/js/group-form.js?v=fc0640c0 HTTP/1.1" 200 244
[03/Dec/2024 00:27:49] "GET /static/wagtailadmin/images/icons/check.svg HTTP/1.1" 200 301
[03/Dec/2024 00:27:49] "GET /static/wagtailadmin/js/preview-panel.js?v=fc0640c0 HTTP/1.1" 200 579146
[03/Dec/2024 00:27:54] "GET /admin/groups/ HTTP/1.1" 200 30303
[03/Dec/2024 00:27:54] "GET /admin/sprite/?h=18fafff2 HTTP/1.1" 200 63586
[03/Dec/2024 00:27:54] "GET /admin/jsi18n/ HTTP/1.1" 200 4876
[03/Dec/2024 00:27:57] "GET /admin/groups/edit/3/ HTTP/1.1" 200 85604
[03/Dec/2024 00:27:57] "GET /admin/sprite/?h=18fafff2 HTTP/1.1" 200 63586
[03/Dec/2024 00:27:57] "GET /admin/jsi18n/ HTTP/1.1" 200 4876
[03/Dec/2024 00:28:07] "GET /admin/choose-page/?page_type=wagtailcore.page&can_choose_root=true HTTP/1.1" 200 6228
[03/Dec/2024 00:28:20] "POST /admin/groups/edit/3/ HTTP/1.1" 302 0
[03/Dec/2024 00:28:20] "GET /admin/groups/ HTTP/1.1" 200 30936
[03/Dec/2024 00:28:20] "GET /admin/sprite/?h=18fafff2 HTTP/1.1" 200 63586
[03/Dec/2024 00:28:20] "GET /admin/jsi18n/ HTTP/1.1" 200 4876
[03/Dec/2024 00:28:25] "GET /admin/ HTTP/1.1" 200 20275
[03/Dec/2024 00:28:25] "GET /admin/sprite/?h=18fafff2 HTTP/1.1" 200 63586
[03/Dec/2024 00:28:25] "GET /admin/jsi18n/ HTTP/1.1" 200 4876
[03/Dec/2024 00:28:27] "GET /admin/api/main/pages/?child_of=1&for_explorer=1&fields=parent HTTP/1.1" 200 1474
[03/Dec/2024 00:28:28] "GET /admin/images/ HTTP/1.1" 200 30003
[03/Dec/2024 00:28:28] "GET /admin/jsi18n/ HTTP/1.1" 200 4876
[03/Dec/2024 00:28:28] "GET /admin/sprite/?h=18fafff2 HTTP/1.1" 200 63586
[03/Dec/2024 00:28:30] "GET /admin/api/main/pages/?child_of=1&for_explorer=1&fields=parent HTTP/1.1" 200 1474
[03/Dec/2024 00:28:32] "GET /admin/comments/ HTTP/1.1" 200 18867
[03/Dec/2024 00:28:32] "GET /admin/sprite/?h=18fafff2 HTTP/1.1" 200 63586
[03/Dec/2024 00:28:32] "GET /admin/jsi18n/ HTTP/1.1" 200 4876
[03/Dec/2024 00:28:33] "GET /admin/documents/ HTTP/1.1" 200 28904
[03/Dec/2024 00:28:33] "GET /admin/sprite/?h=18fafff2 HTTP/1.1" 200 63586
[03/Dec/2024 00:28:33] "GET /admin/jsi18n/ HTTP/1.1" 200 4876
[03/Dec/2024 00:28:35] "GET /admin/images/ HTTP/1.1" 200 30003
[03/Dec/2024 00:28:35] "GET /admin/sprite/?h=18fafff2 HTTP/1.1" 200 63586
[03/Dec/2024 00:28:35] "GET /admin/jsi18n/ HTTP/1.1" 200 4876
[03/Dec/2024 00:28:36] "GET /admin/api/main/pages/?child_of=1&for_explorer=1&fields=parent HTTP/1.1" 200 1474
[03/Dec/2024 00:29:57] "GET / HTTP/1.1" 200 12181
[03/Dec/2024 00:29:58] "GET /static/dist/css/views/custom.css HTTP/1.1" 200 248
[03/Dec/2024 00:29:58] "GET /static/dist/css/views/output.css HTTP/1.1" 200 81442
[03/Dec/2024 00:29:58] "GET /static/dist/css/core.css HTTP/1.1" 200 50
[03/Dec/2024 00:29:58] "GET /static/dist/js/core.js HTTP/1.1" 200 51844
[03/Dec/2024 00:29:58] "GET /static/dist/js/core.js HTTP/1.1" 200 51844
Not Found: /favicon.ico
[03/Dec/2024 00:29:58] "GET /favicon.ico HTTP/1.1" 404 3803
[03/Dec/2024 00:30:17] "GET / HTTP/1.1" 200 12181
[03/Dec/2024 00:30:45] "GET / HTTP/1.1" 200 12181
[03/Dec/2024 00:30:46] "GET / HTTP/1.1" 200 12181
[03/Dec/2024 00:30:46] "GET / HTTP/1.1" 200 12181
[03/Dec/2024 00:30:46] "GET / HTTP/1.1" 200 12181
[03/Dec/2024 00:30:46] "GET / HTTP/1.1" 200 12181
[03/Dec/2024 00:30:47] "GET / HTTP/1.1" 200 12181
[03/Dec/2024 00:30:47] "GET / HTTP/1.1" 200 12181
[03/Dec/2024 01:06:44] "GET / HTTP/1.1" 200 12181
[03/Dec/2024 01:11:14] "GET / HTTP/1.1" 200 12181
[03/Dec/2024 01:11:50] "GET / HTTP/1.1" 200 12181
[03/Dec/2024 01:11:51] "GET /static/dist/css/views/output.css HTTP/1.1" 200 81442
[03/Dec/2024 01:11:51] "GET /static/dist/css/views/custom.css HTTP/1.1" 200 248
[03/Dec/2024 01:11:51] "GET /static/dist/css/core.css HTTP/1.1" 200 50
[03/Dec/2024 01:11:51] "GET /static/dist/js/core.js HTTP/1.1" 200 51844
Not Found: /favicon.ico
[03/Dec/2024 01:11:53] "GET /favicon.ico HTTP/1.1" 404 3803
[03/Dec/2024 01:18:27] "GET / HTTP/1.1" 200 12181
[03/Dec/2024 01:18:28] "GET /static/dist/css/views/custom.css HTTP/1.1" 200 248
[03/Dec/2024 01:18:28] "GET /static/dist/css/core.css HTTP/1.1" 200 50
[03/Dec/2024 01:18:28] "GET /static/dist/js/core.js HTTP/1.1" 200 51844
[03/Dec/2024 01:18:28] "GET /static/dist/css/views/output.css HTTP/1.1" 200 81442
Not Found: /favicon.ico
[03/Dec/2024 01:18:28] "GET /favicon.ico HTTP/1.1" 404 3803
[03/Dec/2024 01:18:32] "GET / HTTP/1.1" 200 12181
Not Found: /.env
[03/Dec/2024 02:04:46] "GET /.env HTTP/1.1" 404 3782
[03/Dec/2024 02:11:16] "GET / HTTP/1.1" 200 12181
[03/Dec/2024 02:11:17] "GET /static/dist/js/core.js HTTP/1.1" 200 51844
[03/Dec/2024 02:11:17] "GET /static/dist/css/views/output.css HTTP/1.1" 200 81442
[03/Dec/2024 02:11:17] "GET /static/dist/css/views/custom.css HTTP/1.1" 200 248
[03/Dec/2024 02:11:17] "GET /static/dist/css/core.css HTTP/1.1" 200 50
Not Found: /favicon.ico
[03/Dec/2024 02:11:18] "GET /favicon.ico HTTP/1.1" 404 3803
[03/Dec/2024 02:12:05] "GET / HTTP/1.1" 200 12181
[03/Dec/2024 02:12:06] "GET /static/dist/css/views/custom.css HTTP/1.1" 200 248
[03/Dec/2024 02:12:06] "GET /static/dist/css/core.css HTTP/1.1" 200 50
[03/Dec/2024 02:12:07] "GET /static/dist/css/views/output.css HTTP/1.1" 200 81442
[03/Dec/2024 02:12:07] "GET /static/dist/js/core.js HTTP/1.1" 200 51844
[03/Dec/2024 02:12:43] "GET / HTTP/1.1" 200 12181
Not Found: /favicon.ico
[03/Dec/2024 02:12:45] "GET /favicon.ico HTTP/1.1" 404 3803
[03/Dec/2024 02:42:00] "GET / HTTP/1.1" 200 12181
[03/Dec/2024 02:42:02] "GET / HTTP/1.1" 200 12181
[03/Dec/2024 02:42:03] "HEAD / HTTP/1.1" 200 0
[03/Dec/2024 02:42:04] "GET / HTTP/1.1" 200 12181
Not Found: /robots.txt
[03/Dec/2024 02:42:04] "GET /robots.txt HTTP/1.1" 404 3800
[03/Dec/2024 02:42:05] "GET /static/dist/css/views/custom.css HTTP/1.1" 200 248
[03/Dec/2024 02:42:05] "GET /static/dist/css/views/output.css HTTP/1.1" 200 81442
[03/Dec/2024 02:42:06] "GET /static/dist/css/core.css HTTP/1.1" 200 50
[03/Dec/2024 02:42:06] "HEAD /None HTTP/1.1" 301 0
Not Found: /None/
[03/Dec/2024 02:42:07] "HEAD /None/ HTTP/1.1" 404 0
[03/Dec/2024 02:42:08] "GET /static/dist/js/core.js HTTP/1.1" 200 51844
[03/Dec/2024 02:42:09] "GET / HTTP/1.1" 200 12181
[03/Dec/2024 02:42:09] "GET / HTTP/1.1" 200 12181
[03/Dec/2024 02:42:10] "GET /None HTTP/1.1" 301 0
Not Found: /None/
[03/Dec/2024 02:42:11] "GET /None/ HTTP/1.1" 404 3873
Not Found: /None/
[03/Dec/2024 02:42:11] "GET /None/ HTTP/1.1" 404 3873
Not Found: /favicon.ico
[03/Dec/2024 02:42:20] "GET /favicon.ico HTTP/1.1" 404 3803
[03/Dec/2024 02:51:00] "GET / HTTP/1.1" 200 12181
Not Found: /favicon.ico
[03/Dec/2024 02:51:01] "GET /favicon.ico HTTP/1.1" 404 3803
[03/Dec/2024 02:51:01] "GET / HTTP/1.1" 200 12181
[03/Dec/2024 02:51:02] "GET / HTTP/1.1" 200 12181
[03/Dec/2024 02:51:02] "GET / HTTP/1.1" 200 12181
[03/Dec/2024 02:51:04] "GET / HTTP/1.1" 200 12181
Not Found: /favicon.ico
[03/Dec/2024 02:51:05] "GET /favicon.ico HTTP/1.1" 404 3803
[03/Dec/2024 02:51:05] "GET / HTTP/1.1" 200 12181
[03/Dec/2024 02:51:06] "GET / HTTP/1.1" 200 12181
[03/Dec/2024 02:51:06] "GET / HTTP/1.1" 200 12181
Not Found: /.env
[03/Dec/2024 03:01:31] "GET /.env HTTP/1.1" 404 3782
Forbidden (CSRF cookie not set.): /
[03/Dec/2024 03:01:32] "POST / HTTP/1.1" 403 2912
[03/Dec/2024 05:23:19] "GET / HTTP/1.1" 200 12181
[03/Dec/2024 05:23:20] "GET /static/dist/css/views/custom.css HTTP/1.1" 200 248
[03/Dec/2024 05:23:20] "GET /static/dist/css/core.css HTTP/1.1" 200 50
[03/Dec/2024 05:23:20] "GET /static/dist/js/core.js HTTP/1.1" 200 51844
[03/Dec/2024 05:23:20] "GET /static/dist/css/views/output.css HTTP/1.1" 200 81442
Not Found: /favicon.ico
[03/Dec/2024 05:23:20] "GET /favicon.ico HTTP/1.1" 404 3803
[03/Dec/2024 05:23:54] "GET / HTTP/1.1" 200 12181
[03/Dec/2024 05:24:02] "GET / HTTP/1.1" 200 12181
Not Found: /.env
[03/Dec/2024 06:11:42] "GET /.env HTTP/1.1" 404 3782
Forbidden (CSRF cookie not set.): /
[03/Dec/2024 06:11:43] "POST / HTTP/1.1" 403 2912
Not Found: /robots.txt
[03/Dec/2024 07:25:29] "GET /robots.txt HTTP/1.1" 404 3800
[03/Dec/2024 07:25:29] "HEAD / HTTP/1.1" 200 0
[03/Dec/2024 07:25:30] "GET / HTTP/1.1" 200 12181
[03/Dec/2024 07:25:31] "GET /static/dist/js/core.js HTTP/1.1" 304 0
[03/Dec/2024 07:25:31] "GET /static/dist/css/views/custom.css HTTP/1.1" 304 0
[03/Dec/2024 07:25:31] "GET /static/dist/css/core.css HTTP/1.1" 304 0
[03/Dec/2024 07:25:31] "GET /static/dist/css/views/output.css HTTP/1.1" 304 0
Not Found: /robots.txt
[03/Dec/2024 08:01:00] "GET /robots.txt HTTP/1.1" 404 3800
[03/Dec/2024 08:01:06] "GET / HTTP/1.1" 200 12181
[03/Dec/2024 08:01:57] "GET /static/dist/css/views/custom.css HTTP/1.1" 200 248
[03/Dec/2024 08:01:57] "GET /static/dist/css/views/output.css HTTP/1.1" 200 81442
[03/Dec/2024 08:01:57] "GET /static/dist/css/core.css HTTP/1.1" 200 50
[03/Dec/2024 08:01:57] "GET /static/dist/js/core.js HTTP/1.1" 200 51844
